# JRE version: OpenJDK Runtime Environment (8.0_302-b08) (build 1.8.0_302-b08)
# Java VM: OpenJDK 64-Bit Server VM (25.302-b08 mixed mode windows-amd64 compressed oops)
Heap:
 PSYoungGen      total 150528K, used 101937K [0x00000000f5580000, 0x0000000100000000, 0x0000000100000000)
  eden space 133632K, 63% used [0x00000000f5580000,0x00000000fa8c8ac0,0x00000000fd800000)
  from space 16896K, 98% used [0x00000000fd800000,0x00000000fe843ba0,0x00000000fe880000)
  to   space 22016K, 0% used [0x00000000fea80000,0x00000000fea80000,0x0000000100000000)
 ParOldGen       total 231424K, used 40298K [0x00000000e0000000, 0x00000000ee200000, 0x00000000f5580000)
  object space 231424K, 17% used [0x00000000e0000000,0x00000000e275a878,0x00000000ee200000)
 Metaspace       used 64249K, capacity 67772K, committed 68096K, reserved 1107968K
  class space    used 9029K, capacity 9911K, committed 9984K, reserved 1048576K
GC Heap History (10 events):
Event: 74.095 GC heap before
{Heap before GC invocations=10 (full 2):
 PSYoungGen      total 105472K, used 93696K [0x00000000f5580000, 0x00000000ffa80000, 0x0000000100000000)
  eden space 93696K, 100% used [0x00000000f5580000,0x00000000fb100000,0x00000000fb100000)
  from space 11776K, 0% used [0x00000000fb100000,0x00000000fb100000,0x00000000fbc80000)
  to   space 11776K, 0% used [0x00000000fef00000,0x00000000fef00000,0x00000000ffa80000)
 ParOldGen       total 175104K, used 16053K [0x00000000e0000000, 0x00000000eab00000, 0x00000000f5580000)
  object space 175104K, 9% used [0x00000000e0000000,0x00000000e0fad750,0x00000000eab00000)
 Metaspace       used 38213K, capacity 39850K, committed 40064K, reserved 1083392K
  class space    used 5339K, capacity 5735K, committed 5760K, reserved 1048576K
Event: 74.150 GC heap after
Heap after GC invocations=10 (full 2):
 PSYoungGen      total 157184K, used 6702K [0x00000000f5580000, 0x00000000ffc80000, 0x0000000100000000)
  eden space 145408K, 0% used [0x00000000f5580000,0x00000000f5580000,0x00000000fe380000)
  from space 11776K, 56% used [0x00000000fef00000,0x00000000ff58b868,0x00000000ffa80000)
  to   space 11776K, 0% used [0x00000000fe380000,0x00000000fe380000,0x00000000fef00000)
 ParOldGen       total 175104K, used 16061K [0x00000000e0000000, 0x00000000eab00000, 0x00000000f5580000)
  object space 175104K, 9% used [0x00000000e0000000,0x00000000e0faf750,0x00000000eab00000)
 Metaspace       used 38213K, capacity 39850K, committed 40064K, reserved 1083392K
  class space    used 5339K, capacity 5735K, committed 5760K, reserved 1048576K
}
Event: 84.539 GC heap before
{Heap before GC invocations=11 (full 2):
 PSYoungGen      total 157184K, used 152110K [0x00000000f5580000, 0x00000000ffc80000, 0x0000000100000000)
  eden space 145408K, 100% used [0x00000000f5580000,0x00000000fe380000,0x00000000fe380000)
  from space 11776K, 56% used [0x00000000fef00000,0x00000000ff58b868,0x00000000ffa80000)
  to   space 11776K, 0% used [0x00000000fe380000,0x00000000fe380000,0x00000000fef00000)
 ParOldGen       total 175104K, used 16061K [0x00000000e0000000, 0x00000000eab00000, 0x00000000f5580000)
  object space 175104K, 9% used [0x00000000e0000000,0x00000000e0faf750,0x00000000eab00000)
 Metaspace       used 49151K, capacity 51398K, committed 51584K, reserved 1093632K
  class space    used 6722K, capacity 7237K, committed 7296K, reserved 1048576K
Event: 84.588 GC heap after
Heap after GC invocations=11 (full 2):
 PSYoungGen      total 157184K, used 11762K [0x00000000f5580000, 0x0000000100000000, 0x0000000100000000)
  eden space 145408K, 0% used [0x00000000f5580000,0x00000000f5580000,0x00000000fe380000)
  from space 11776K, 99% used [0x00000000fe380000,0x00000000feefcbb8,0x00000000fef00000)
  to   space 15360K, 0% used [0x00000000ff100000,0x00000000ff100000,0x0000000100000000)
 ParOldGen       total 175104K, used 22006K [0x00000000e0000000, 0x00000000eab00000, 0x00000000f5580000)
  object space 175104K, 12% used [0x00000000e0000000,0x00000000e157dbb8,0x00000000eab00000)
 Metaspace       used 49151K, capacity 51398K, committed 51584K, reserved 1093632K
  class space    used 6722K, capacity 7237K, committed 7296K, reserved 1048576K
}
Event: 121.097 GC heap before
{Heap before GC invocations=12 (full 2):
 PSYoungGen      total 157184K, used 153999K [0x00000000f5580000, 0x0000000100000000, 0x0000000100000000)
  eden space 145408K, 97% used [0x00000000f5580000,0x00000000fe0672d8,0x00000000fe380000)
  from space 11776K, 99% used [0x00000000fe380000,0x00000000feefcbb8,0x00000000fef00000)
  to   space 15360K, 0% used [0x00000000ff100000,0x00000000ff100000,0x0000000100000000)
 ParOldGen       total 175104K, used 22006K [0x00000000e0000000, 0x00000000eab00000, 0x00000000f5580000)
  object space 175104K, 12% used [0x00000000e0000000,0x00000000e157dbb8,0x00000000eab00000)
 Metaspace       used 56514K, capacity 58968K, committed 59136K, reserved 1099776K
  class space    used 7822K, capacity 8382K, committed 8448K, reserved 1048576K
Event: 121.222 GC heap after
Heap after GC invocations=12 (full 2):
 PSYoungGen      total 148992K, used 15338K [0x00000000f5580000, 0x0000000100000000, 0x0000000100000000)
  eden space 133632K, 0% used [0x00000000f5580000,0x00000000f5580000,0x00000000fd800000)
  from space 15360K, 99% used [0x00000000ff100000,0x00000000ffffab48,0x0000000100000000)
  to   space 20480K, 0% used [0x00000000fd800000,0x00000000fd800000,0x00000000fec00000)
 ParOldGen       total 175104K, used 32519K [0x00000000e0000000, 0x00000000eab00000, 0x00000000f5580000)
  object space 175104K, 18% used [0x00000000e0000000,0x00000000e1fc1ff0,0x00000000eab00000)
 Metaspace       used 56514K, capacity 58968K, committed 59136K, reserved 1099776K
  class space    used 7822K, capacity 8382K, committed 8448K, reserved 1048576K
}
Event: 121.222 GC heap before
{Heap before GC invocations=13 (full 3):
 PSYoungGen      total 148992K, used 15338K [0x00000000f5580000, 0x0000000100000000, 0x0000000100000000)
  eden space 133632K, 0% used [0x00000000f5580000,0x00000000f5580000,0x00000000fd800000)
  from space 15360K, 99% used [0x00000000ff100000,0x00000000ffffab48,0x0000000100000000)
  to   space 20480K, 0% used [0x00000000fd800000,0x00000000fd800000,0x00000000fec00000)
 ParOldGen       total 175104K, used 32519K [0x00000000e0000000, 0x00000000eab00000, 0x00000000f5580000)
  object space 175104K, 18% used [0x00000000e0000000,0x00000000e1fc1ff0,0x00000000eab00000)
 Metaspace       used 56514K, capacity 58968K, committed 59136K, reserved 1099776K
  class space    used 7822K, capacity 8382K, committed 8448K, reserved 1048576K
Event: 121.825 GC heap after
Heap after GC invocations=13 (full 3):
 PSYoungGen      total 148992K, used 0K [0x00000000f5580000, 0x0000000100000000, 0x0000000100000000)
  eden space 133632K, 0% used [0x00000000f5580000,0x00000000f5580000,0x00000000fd800000)
  from space 15360K, 0% used [0x00000000ff100000,0x00000000ff100000,0x0000000100000000)
  to   space 20480K, 0% used [0x00000000fd800000,0x00000000fd800000,0x00000000fec00000)
 ParOldGen       total 231424K, used 40290K [0x00000000e0000000, 0x00000000ee200000, 0x00000000f5580000)
  object space 231424K, 17% used [0x00000000e0000000,0x00000000e2758878,0x00000000ee200000)
 Metaspace       used 56505K, capacity 58938K, committed 59136K, reserved 1099776K
  class space    used 7820K, capacity 8377K, committed 8448K, reserved 1048576K
}
Event: 134.594 GC heap before
{Heap before GC invocations=14 (full 3):
 PSYoungGen      total 148992K, used 133632K [0x00000000f5580000, 0x0000000100000000, 0x0000000100000000)
  eden space 133632K, 100% used [0x00000000f5580000,0x00000000fd800000,0x00000000fd800000)
  from space 15360K, 0% used [0x00000000ff100000,0x00000000ff100000,0x0000000100000000)
  to   space 20480K, 0% used [0x00000000fd800000,0x00000000fd800000,0x00000000fec00000)
 ParOldGen       total 231424K, used 40290K [0x00000000e0000000, 0x00000000ee200000, 0x00000000f5580000)
  object space 231424K, 17% used [0x00000000e0000000,0x00000000e2758878,0x00000000ee200000)
 Metaspace       used 61832K, capacity 65174K, committed 65408K, reserved 1105920K
  class space    used 8696K, capacity 9512K, committed 9600K, reserved 1048576K
Event: 134.646 GC heap after
Heap after GC invocations=14 (full 3):
 PSYoungGen      total 150528K, used 16654K [0x00000000f5580000, 0x0000000100000000, 0x0000000100000000)
  eden space 133632K, 0% used [0x00000000f5580000,0x00000000f5580000,0x00000000fd800000)
  from space 16896K, 98% used [0x00000000fd800000,0x00000000fe843ba0,0x00000000fe880000)
  to   space 22016K, 0% used [0x00000000fea80000,0x00000000fea80000,0x0000000100000000)
 ParOldGen       total 231424K, used 40298K [0x00000000e0000000, 0x00000000ee200000, 0x00000000f5580000)
  object space 231424K, 17% used [0x00000000e0000000,0x00000000e275a878,0x00000000ee200000)
 Metaspace       used 61832K, capacity 65174K, committed 65408K, reserved 1105920K
  class space    used 8696K, capacity 9512K, committed 9600K, reserved 1048576K
}

